RPC failed: [Errno socket error] [Errno 111] Connection refused
catch_up_rpc: abort
Opened /home/joseph/.AuroraCoin/blk0001.dat
block_tx 92468 435161
block_tx 92468 435162
block_tx 92468 435163
block_tx 92468 435164
block_tx 92468 435165
block_tx 92468 435166
block_tx 92468 435167
block_tx 92468 435168
block_tx 92468 435169
block_tx 92468 435170
block_tx 92468 435171
block_tx 92469 435172
block_tx 92469 435173
block_tx 92469 435174
block_tx 92470 435175
block_tx 92470 435176
block_tx 92470 435177
block_tx 92471 435178
block_tx 92472 435179
block_tx 92473 435180
block_tx 92474 435181
block_tx 92475 435182
block_tx 92476 435183
block_tx 92477 435184
block_tx 92478 435185
block_tx 92479 435186
block_tx 92480 435187
block_tx 92481 435188
block_tx 92482 435189
block_tx 92483 435190
block_tx 92484 435191
block_tx 92485 435192
block_tx 92486 435193
block_tx 92487 435194
block_tx 92488 435195
block_tx 92488 435196
block_tx 92489 435197
block_tx 92490 435198
block_tx 92491 435199
block_tx 92492 435200
block_tx 92493 435201
block_tx 92494 435202
block_tx 92495 435203
block_tx 92496 435204
block_tx 92497 435205
block_tx 92498 435206
block_tx 92499 435207
block_tx 92499 435208
block_tx 92500 435209
block_tx 92501 435210
block_tx 92502 435211
block_tx 92503 435212
block_tx 92504 435213
block_tx 92504 435214
block_tx 92505 435215
block_tx 92506 435216
block_tx 92507 435217
block_tx 92508 435218
block_tx 92509 435219
block_tx 92510 435220
block_tx 92511 435221
block_tx 92512 435222
block_tx 92512 435223
block_tx 92513 435224
block_tx 92514 435225
block_tx 92515 435226
block_tx 92516 435227
block_tx 92517 435228
block_tx 92518 435229
block_tx 92519 435230
block_tx 92520 435231
block_tx 92521 435232
block_tx 92522 435233
block_tx 92523 435234
block_tx 92524 435235
block_tx 92524 435236
block_tx 92525 435237
block_tx 92526 435238
block_tx 92527 435239
block_tx 92528 435240
block_tx 92529 435241
block_tx 92530 435242
block_tx 92531 435243
block_tx 92531 435244
block_tx 92531 435245
block_tx 92531 435246
block_tx 92531 435247
block_tx 92532 435248
block_tx 92532 435249
block_tx 92532 435250
block_tx 92533 435251
block_tx 92534 435252
block_tx 92535 435253
block_tx 92536 435254
block_tx 92537 435255
block_tx 92537 435256
block_tx 92538 435257
block_tx 92538 435258
block_tx 92538 435259
block_tx 92538 435260
block_tx 92538 435261
block_tx 92539 435262
block_tx 92539 435263
block_tx 92539 435264
block_tx 92540 435265
block_tx 92540 435266
block_tx 92540 435267
block_tx 92541 435268
block_tx 92542 435269
block_tx 92543 435270
block_tx 92544 435271
block_tx 92545 435272
block_tx 92546 435273
block_tx 92547 435274
block_tx 92548 435275
block_tx 92549 435276
block_tx 92550 435277
block_tx 92551 435278
block_tx 92552 435279
block_tx 92553 435280
block_tx 92554 435281
block_tx 92555 435282
block_tx 92555 435283
block_tx 92555 435284
block_tx 92556 435285
block_tx 92557 435286
block_tx 92558 435287
block_tx 92559 435288
block_tx 92560 435289
block_tx 92561 435290
block_tx 92562 435291
block_tx 92563 435292
block_tx 92563 435293
block_tx 92564 435294
block_tx 92565 435295
block_tx 92565 435296
block_tx 92565 435297
block_tx 92565 435298
block_tx 92565 435299
block_tx 92565 435300
block_tx 92566 435301
block_tx 92567 435302
block_tx 92568 435303
block_tx 92569 435304
block_tx 92570 435305
block_tx 92571 435306
block_tx 92572 435307
block_tx 92572 435308
block_tx 92572 435309
block_tx 92573 435310
block_tx 92573 435311
block_tx 92573 435312
block_tx 92573 435313
block_tx 92573 435314
block_tx 92573 435315
block_tx 92574 435316
block_tx 92575 435317
block_tx 92576 435318
block_tx 92577 435319
block_tx 92578 435320
block_tx 92579 435321
block_tx 92580 435322
block_tx 92581 435323
RPC failed: [Errno socket error] [Errno 111] Connection refused
catch_up_rpc: abort
Opened /home/joseph/.AuroraCoin/blk0001.dat
block_tx 92582 435324
block_tx 92582 435325
block_tx 92582 435326
block_tx 92582 435327
block_tx 92582 435328
block_tx 92582 435329
block_tx 92582 435330
block_tx 92582 435331
block_tx 92582 435332
block_tx 92582 435333
block_tx 92582 435334
block_tx 92583 435335
block_tx 92583 435336
block_tx 92583 435337
block_tx 92584 435338
block_tx 92584 435339
block_tx 92584 435340
block_tx 92585 435341
block_tx 92586 435342
block_tx 92587 435343
block_tx 92588 435344
block_tx 92589 435345
block_tx 92590 435346
block_tx 92591 435347
block_tx 92592 435348
block_tx 92593 435349
block_tx 92594 435350
block_tx 92595 435351
block_tx 92596 435352
block_tx 92597 435353
block_tx 92598 435354
block_tx 92599 435355
block_tx 92600 435356
block_tx 92601 435357
block_tx 92602 435358
block_tx 92602 435359
block_tx 92603 435360
block_tx 92604 435361
block_tx 92605 435362
block_tx 92606 435363
block_tx 92607 435364
block_tx 92608 435365
block_tx 92609 435366
block_tx 92610 435367
block_tx 92611 435368
block_tx 92612 435369
block_tx 92613 435370
block_tx 92613 435371
block_tx 92614 435372
block_tx 92615 435373
block_tx 92616 435374
block_tx 92617 435375
block_tx 92618 435376
block_tx 92618 435377
block_tx 92619 435378
block_tx 92620 435379
block_tx 92621 435380
block_tx 92622 435381
block_tx 92623 435382
block_tx 92624 435383
block_tx 92625 435384
block_tx 92626 435385
block_tx 92626 435386
block_tx 92627 435387
block_tx 92628 435388
block_tx 92629 435389
block_tx 92630 435390
block_tx 92631 435391
block_tx 92632 435392
block_tx 92633 435393
block_tx 92634 435394
block_tx 92635 435395
block_tx 92636 435396
block_tx 92637 435397
block_tx 92638 435398
block_tx 92638 435399
block_tx 92639 435400
block_tx 92640 435401
block_tx 92641 435402
block_tx 92642 435403
block_tx 92643 435404
block_tx 92644 435405
block_tx 92645 435406
block_tx 92645 435407
block_tx 92645 435408
block_tx 92645 435409
block_tx 92645 435410
block_tx 92646 435411
block_tx 92646 435412
block_tx 92646 435413
block_tx 92647 435414
block_tx 92648 435415
block_tx 92649 435416
block_tx 92650 435417
block_tx 92651 435418
block_tx 92651 435419
block_tx 92652 435420
block_tx 92652 435421
block_tx 92652 435422
block_tx 92652 435423
block_tx 92652 435424
block_tx 92653 435425
block_tx 92653 435426
block_tx 92653 435427
block_tx 92654 435428
block_tx 92654 435429
block_tx 92654 435430
block_tx 92655 435431
block_tx 92656 435432
block_tx 92657 435433
block_tx 92658 435434
block_tx 92659 435435
block_tx 92660 435436
block_tx 92661 435437
block_tx 92662 435438
block_tx 92663 435439
block_tx 92664 435440
block_tx 92665 435441
block_tx 92666 435442
block_tx 92667 435443
block_tx 92668 435444
block_tx 92669 435445
block_tx 92669 435446
block_tx 92669 435447
block_tx 92670 435448
block_tx 92671 435449
block_tx 92672 435450
block_tx 92673 435451
block_tx 92674 435452
block_tx 92675 435453
block_tx 92676 435454
block_tx 92677 435455
block_tx 92677 435456
block_tx 92678 435457
block_tx 92679 435458
block_tx 92679 435459
block_tx 92679 435460
block_tx 92679 435461
block_tx 92679 435462
block_tx 92679 435463
block_tx 92680 435464
block_tx 92681 435465
block_tx 92682 435466
block_tx 92683 435467
block_tx 92684 435468
block_tx 92685 435469
block_tx 92686 435470
block_tx 92686 435471
block_tx 92686 435472
block_tx 92687 435473
block_tx 92687 435474
block_tx 92687 435475
block_tx 92687 435476
block_tx 92687 435477
block_tx 92687 435478
block_tx 92688 435479
block_tx 92689 435480
block_tx 92690 435481
block_tx 92691 435482
block_tx 92692 435483
block_tx 92693 435484
block_tx 92694 435485
block_tx 92695 435486
block_tx 92696 435487
block_tx 92697 435488
block_tx 92698 435489
block_tx 92699 435490
block_tx 92700 435491
block_tx 92701 435492
block_tx 92701 435493
block_tx 92702 435494
block_tx 92703 435495
block_tx 92704 435496
block_tx 92705 435497
block_tx 92706 435498
block_tx 92706 435499
block_tx 92707 435500
block_tx 92707 435501
block_tx 92707 435502
block_tx 92707 435503
block_tx 92708 435504
block_tx 92709 435505
block_tx 92710 435506
block_tx 92711 435507
block_tx 92711 435508
block_tx 92711 435509
block_tx 92712 435510
block_tx 92713 435511
block_tx 92714 435512
block_tx 92715 435513
block_tx 92716 435514
block_tx 92717 435515
block_tx 92718 435516
block_tx 92719 435517
block_tx 92719 435518
block_tx 92720 435519
block_tx 92721 435520
block_tx 92722 435521
block_tx 92723 435522
block_tx 92724 435523
block_tx 92724 435524
block_tx 92725 435525
block_tx 92726 435526
block_tx 92727 435527
block_tx 92728 435528
block_tx 92729 435529
block_tx 92730 435530
block_tx 92730 435531
block_tx 92731 435532
block_tx 92731 435533
RPC failed: [Errno socket error] [Errno 111] Connection refused
catch_up_rpc: abort
Opened /home/joseph/.AuroraCoin/blk0001.dat
block_tx 92732 435536
block_tx 92732 435537
block_tx 92732 435538
block_tx 92732 435539
block_tx 92732 435540
block_tx 92732 435541
block_tx 92732 435542
block_tx 92732 435543
block_tx 92732 435544
block_tx 92732 435545
block_tx 92732 435546
block_tx 92733 435547
block_tx 92733 435548
block_tx 92733 435549
block_tx 92734 435550
block_tx 92734 435551
block_tx 92734 435552
block_tx 92735 435553
block_tx 92736 435554
block_tx 92737 435555
block_tx 92738 435556
block_tx 92739 435557
block_tx 92740 435558
block_tx 92741 435559
block_tx 92742 435560
block_tx 92743 435561
block_tx 92744 435562
block_tx 92745 435563
block_tx 92746 435564
block_tx 92747 435565
block_tx 92748 435566
block_tx 92749 435567
block_tx 92750 435568
block_tx 92751 435569
block_tx 92752 435570
block_tx 92752 435571
block_tx 92753 435572
block_tx 92754 435573
block_tx 92755 435574
block_tx 92756 435575
block_tx 92757 435576
block_tx 92758 435577
block_tx 92759 435578
block_tx 92760 435579
block_tx 92761 435580
block_tx 92762 435581
block_tx 92763 435582
block_tx 92763 435583
block_tx 92764 435584
block_tx 92765 435585
block_tx 92766 435586
block_tx 92767 435587
block_tx 92768 435588
block_tx 92768 435589
block_tx 92769 435590
block_tx 92770 435591
block_tx 92771 435592
block_tx 92772 435593
block_tx 92773 435594
block_tx 92774 435595
block_tx 92775 435596
block_tx 92776 435597
block_tx 92776 435598
block_tx 92777 435599
block_tx 92778 435600
block_tx 92779 435601
block_tx 92780 435602
block_tx 92781 435603
block_tx 92782 435604
block_tx 92783 435605
block_tx 92784 435606
block_tx 92785 435607
block_tx 92786 435608
block_tx 92787 435609
block_tx 92788 435610
block_tx 92788 435611
block_tx 92789 435612
block_tx 92790 435613
block_tx 92791 435614
block_tx 92792 435615
block_tx 92793 435616
block_tx 92794 435617
block_tx 92795 435618
block_tx 92795 435619
block_tx 92795 435620
block_tx 92795 435621
block_tx 92795 435622
block_tx 92796 435623
block_tx 92796 435624
block_tx 92796 435625
block_tx 92797 435626
block_tx 92798 435627
block_tx 92799 435628
block_tx 92800 435629
block_tx 92801 435630
block_tx 92801 435631
block_tx 92802 435632
block_tx 92802 435633
block_tx 92802 435634
block_tx 92802 435635
block_tx 92802 435636
block_tx 92803 435637
block_tx 92803 435638
block_tx 92803 435639
block_tx 92804 435640
block_tx 92804 435641
block_tx 92804 435642
block_tx 92805 435643
block_tx 92806 435644
block_tx 92807 435645
block_tx 92808 435646
block_tx 92809 435647
block_tx 92810 435648
block_tx 92811 435649
block_tx 92812 435650
block_tx 92813 435651
block_tx 92814 435652
block_tx 92815 435653
block_tx 92816 435654
block_tx 92817 435655
block_tx 92818 435656
block_tx 92819 435657
block_tx 92819 435658
block_tx 92819 435659
block_tx 92820 435660
block_tx 92821 435661
block_tx 92822 435662
block_tx 92823 435663
block_tx 92824 435664
block_tx 92825 435665
block_tx 92826 435666
block_tx 92827 435667
block_tx 92827 435668
block_tx 92828 435669
block_tx 92829 435670
block_tx 92829 435671
block_tx 92829 435672
block_tx 92829 435673
block_tx 92829 435674
block_tx 92829 435675
block_tx 92830 435676
block_tx 92831 435677
block_tx 92832 435678
block_tx 92833 435679
block_tx 92834 435680
block_tx 92835 435681
block_tx 92836 435682
block_tx 92836 435683
block_tx 92836 435684
block_tx 92837 435685
block_tx 92837 435686
block_tx 92837 435687
block_tx 92837 435688
block_tx 92837 435689
block_tx 92837 435690
block_tx 92838 435691
block_tx 92839 435692
block_tx 92840 435693
block_tx 92841 435694
block_tx 92842 435695
block_tx 92843 435696
block_tx 92844 435697
block_tx 92845 435698
block_tx 92846 435699
block_tx 92847 435700
block_tx 92848 435701
block_tx 92849 435702
block_tx 92850 435703
block_tx 92851 435704
block_tx 92851 435705
block_tx 92852 435706
block_tx 92853 435707
block_tx 92854 435708
block_tx 92855 435709
block_tx 92856 435710
block_tx 92856 435711
block_tx 92857 435712
block_tx 92857 435713
block_tx 92857 435714
block_tx 92857 435715
block_tx 92858 435716
block_tx 92859 435717
block_tx 92860 435718
block_tx 92861 435719
block_tx 92861 435720
block_tx 92861 435721
block_tx 92862 435722
block_tx 92863 435723
block_tx 92864 435724
block_tx 92865 435725
block_tx 92866 435726
block_tx 92867 435727
block_tx 92868 435728
block_tx 92869 435729
block_tx 92869 435730
block_tx 92870 435731
block_tx 92871 435732
block_tx 92872 435733
block_tx 92873 435734
block_tx 92874 435735
block_tx 92874 435736
block_tx 92875 435737
block_tx 92876 435738
block_tx 92877 435739
block_tx 92878 435740
block_tx 92879 435741
block_tx 92880 435742
block_tx 92880 435743
block_tx 92881 435744
block_tx 92881 435745
block_tx 92882 435746
block_tx 92882 435747
block_tx 92882 435748
block_tx 92882 435749
block_tx 92883 435750
block_tx 92884 435751
block_tx 92885 435752
block_tx 92886 435753
block_tx 92887 435754
block_tx 92888 435755
block_tx 92889 435756
block_tx 92890 435757
block_tx 92891 435758
block_tx 92892 435759
block_tx 92893 435760
block_tx 92894 435761
block_tx 92894 435762
block_tx 92895 435763
block_tx 92896 435764
block_tx 92897 435765
block_tx 92898 435766
block_tx 92899 435767
block_tx 92899 435768
block_tx 92900 435769
block_tx 92901 435770
block_tx 92902 435771
block_tx 92903 435772
block_tx 92903 435773
block_tx 92904 435774
RPC failed: [Errno socket error] [Errno 111] Connection refused
catch_up_rpc: abort
Opened /home/joseph/.AuroraCoin/blk0001.dat
block_tx 92905 435775
block_tx 92905 435776
block_tx 92905 435777
block_tx 92905 435778
block_tx 92905 435779
block_tx 92905 435780
block_tx 92905 435781
block_tx 92905 435782
block_tx 92905 435783
block_tx 92905 435784
block_tx 92905 435785
block_tx 92906 435786
block_tx 92906 435787
block_tx 92906 435788
block_tx 92907 435789
block_tx 92907 435790
block_tx 92907 435791
block_tx 92908 435792
block_tx 92909 435793
block_tx 92910 435794
block_tx 92911 435795
block_tx 92912 435796
block_tx 92913 435797
block_tx 92914 435798
block_tx 92915 435799
block_tx 92916 435800
block_tx 92917 435801
block_tx 92918 435802
block_tx 92919 435803
block_tx 92920 435804
block_tx 92921 435805
block_tx 92922 435806
block_tx 92923 435807
block_tx 92924 435808
block_tx 92925 435809
block_tx 92925 435810
block_tx 92926 435811
block_tx 92927 435812
block_tx 92928 435813
block_tx 92929 435814
block_tx 92930 435815
block_tx 92931 435816
block_tx 92932 435817
block_tx 92933 435818
block_tx 92934 435819
block_tx 92935 435820
block_tx 92936 435821
block_tx 92936 435822
block_tx 92937 435823
block_tx 92938 435824
block_tx 92939 435825
block_tx 92940 435826
block_tx 92941 435827
block_tx 92941 435828
block_tx 92942 435829
block_tx 92943 435830
block_tx 92944 435831
block_tx 92945 435832
block_tx 92946 435833
block_tx 92947 435834
block_tx 92948 435835
block_tx 92949 435836
block_tx 92949 435837
block_tx 92950 435838
block_tx 92951 435839
block_tx 92952 435840
block_tx 92953 435841
block_tx 92954 435842
block_tx 92955 435843
block_tx 92956 435844
block_tx 92957 435845
block_tx 92958 435846
block_tx 92959 435847
block_tx 92960 435848
block_tx 92961 435849
block_tx 92961 435850
block_tx 92962 435851
block_tx 92963 435852
block_tx 92964 435853
block_tx 92965 435854
block_tx 92966 435855
block_tx 92967 435856
block_tx 92968 435857
block_tx 92968 435858
block_tx 92968 435859
block_tx 92968 435860
block_tx 92968 435861
block_tx 92969 435862
block_tx 92969 435863
block_tx 92969 435864
block_tx 92970 435865
block_tx 92971 435866
block_tx 92972 435867
block_tx 92973 435868
block_tx 92974 435869
block_tx 92974 435870
block_tx 92975 435871
block_tx 92975 435872
block_tx 92975 435873
block_tx 92975 435874
block_tx 92975 435875
block_tx 92976 435876
block_tx 92976 435877
block_tx 92976 435878
block_tx 92977 435879
block_tx 92977 435880
block_tx 92977 435881
block_tx 92978 435882
block_tx 92979 435883
block_tx 92980 435884
block_tx 92981 435885
block_tx 92982 435886
block_tx 92983 435887
block_tx 92984 435888
block_tx 92985 435889
block_tx 92986 435890
block_tx 92987 435891
block_tx 92988 435892
block_tx 92989 435893
block_tx 92990 435894
block_tx 92991 435895
block_tx 92992 435896
block_tx 92992 435897
block_tx 92992 435898
block_tx 92993 435899
block_tx 92994 435900
block_tx 92995 435901
block_tx 92996 435902
block_tx 92997 435903
block_tx 92998 435904
block_tx 92999 435905
block_tx 93000 435906
block_tx 93000 435907
block_tx 93001 435908
block_tx 93002 435909
block_tx 93002 435910
block_tx 93002 435911
block_tx 93002 435912
block_tx 93002 435913
block_tx 93002 435914
block_tx 93003 435915
block_tx 93004 435916
block_tx 93005 435917
block_tx 93006 435918
block_tx 93007 435919
block_tx 93008 435920
block_tx 93009 435921
block_tx 93009 435922
block_tx 93009 435923
block_tx 93010 435924
block_tx 93010 435925
block_tx 93010 435926
block_tx 93010 435927
block_tx 93010 435928
block_tx 93010 435929
block_tx 93011 435930
block_tx 93012 435931
block_tx 93013 435932
block_tx 93014 435933
block_tx 93015 435934
block_tx 93016 435935
block_tx 93017 435936
block_tx 93018 435937
block_tx 93019 435938
block_tx 93020 435939
block_tx 93021 435940
block_tx 93022 435941
block_tx 93023 435942
block_tx 93024 435943
block_tx 93024 435944
block_tx 93025 435945
block_tx 93026 435946
block_tx 93027 435947
block_tx 93028 435948
block_tx 93029 435949
block_tx 93029 435950
block_tx 93030 435951
block_tx 93030 435952
block_tx 93030 435953
block_tx 93030 435954
block_tx 93031 435955
block_tx 93032 435956
block_tx 93033 435957
block_tx 93034 435958
block_tx 93034 435959
block_tx 93034 435960
block_tx 93035 435961
block_tx 93036 435962
block_tx 93037 435963
block_tx 93038 435964
block_tx 93039 435965
block_tx 93040 435966
block_tx 93041 435967
block_tx 93042 435968
block_tx 93042 435969
block_tx 93043 435970
block_tx 93044 435971
block_tx 93045 435972
block_tx 93046 435973
block_tx 93047 435974
block_tx 93047 435975
block_tx 93048 435976
block_tx 93049 435977
block_tx 93050 435978
block_tx 93051 435979
block_tx 93052 435980
block_tx 93053 435981
block_tx 93053 435982
block_tx 93054 435983
block_tx 93054 435984
block_tx 93055 435985
block_tx 93055 435986
block_tx 93055 435987
block_tx 93055 435988
block_tx 93056 435989
block_tx 93057 435990
block_tx 93058 435991
block_tx 93059 435992
block_tx 93060 435993
block_tx 93061 435994
block_tx 93062 435995
block_tx 93063 435996
block_tx 93064 435997
block_tx 93065 435998
block_tx 93066 435999
block_tx 93067 436000
block_tx 93067 436001
block_tx 93068 436002
block_tx 93069 436003
block_tx 93070 436004
block_tx 93071 436005
block_tx 93072 436006
block_tx 93072 436007
block_tx 93073 436008
block_tx 93074 436009
block_tx 93075 436010
block_tx 93076 436011
block_tx 93076 436012
block_tx 93077 436013
block_tx 93078 436014
block_tx 93079 436015
block_tx 93080 436016
block_tx 93080 436017
block_tx 93081 436018
block_tx 93082 436019
block_tx 93083 436020
block_tx 93084 436021
block_tx 93085 436022
block_tx 93086 436023
block_tx 93086 436024
block_tx 93087 436025
block_tx 93088 436026
block_tx 93089 436027
block_tx 93089 436028
block_tx 93089 436029
block_tx 93089 436030
block_tx 93090 436031
block_tx 93090 436032
block_tx 93091 436033
block_tx 93092 436034
block_tx 93093 436035
block_tx 93094 436036
block_tx 93095 436037
block_tx 93096 436038
block_tx 93097 436039
block_tx 93098 436040
block_tx 93099 436041
block_tx 93100 436042
block_tx 93101 436043
block_tx 93101 436044
block_tx 93102 436045
block_tx 93103 436046
block_tx 93103 436047
block_tx 93103 436048
block_tx 93103 436049
block_tx 93104 436050
block_tx 93105 436051
block_tx 93106 436052
block_tx 93107 436053
block_tx 93108 436054
block_tx 93109 436055
block_tx 93110 436056
block_tx 93111 436057
block_tx 93112 436058
block_tx 93113 436059
block_tx 93114 436060
block_tx 93115 436061
block_tx 93116 436062
block_tx 93117 436063
block_tx 93118 436064
block_tx 93118 436065
block_tx 93118 436066
block_tx 93118 436067
block_tx 93119 436068
block_tx 93120 436069
block_tx 93121 436070
block_tx 93122 436071
commit
block_tx 93123 436072
block_tx 93124 436073
block_tx 93125 436074
block_tx 93126 436075
block_tx 93127 436076
block_tx 93128 436077
block_tx 93128 436078
block_tx 93129 436079
block_tx 93129 436080
block_tx 93130 436081
block_tx 93131 436082
block_tx 93132 436083
block_tx 93132 436084
block_tx 93132 436085
block_tx 93132 436086
block_tx 93132 436087
block_tx 93133 436088
block_tx 93134 436089
block_tx 93135 436090
block_tx 93136 436091
block_tx 93137 436092
block_tx 93138 436093
block_tx 93139 436094
block_tx 93140 436095
block_tx 93140 436096
block_tx 93141 436097
block_tx 93142 436098
block_tx 93143 436099
block_tx 93143 436100
block_tx 93144 436101
block_tx 93145 436102
block_tx 93145 436103
block_tx 93146 436104
block_tx 93147 436105
block_tx 93148 436106
block_tx 93149 436107
block_tx 93150 436108
block_tx 93151 436109
block_tx 93152 436110
block_tx 93153 436111
block_tx 93153 436112
block_tx 93153 436113
block_tx 93153 436114
block_tx 93154 436115
block_tx 93154 436116
block_tx 93155 436117
block_tx 93156 436118
block_tx 93157 436119
block_tx 93158 436120
block_tx 93159 436121
block_tx 93160 436122
block_tx 93161 436123
block_tx 93162 436124
block_tx 93163 436125
block_tx 93164 436126
block_tx 93164 436127
block_tx 93165 436128
block_tx 93166 436129
block_tx 93167 436130
block_tx 93168 436131
block_tx 93169 436132
block_tx 93170 436133
block_tx 93171 436134
block_tx 93172 436135
block_tx 93173 436136
block_tx 93174 436137
block_tx 93175 436138
block_tx 93176 436139
block_tx 93177 436140
block_tx 93178 436141
block_tx 93178 436142
block_tx 93179 436143
block_tx 93180 436144
block_tx 93180 436145
block_tx 93181 436146
block_tx 93181 436147
block_tx 93182 436148
block_tx 93182 436149
block_tx 93183 436150
block_tx 93184 436151
block_tx 93185 436152
block_tx 93186 436153
block_tx 93187 436154
block_tx 93187 436155
block_tx 93187 436156
block_tx 93188 436157
block_tx 93188 436158
block_tx 93189 436159
block_tx 93190 436160
block_tx 93191 436161
block_tx 93192 436162
block_tx 93193 436163
block_tx 93193 436164
block_tx 93194 436165
block_tx 93195 436166
block_tx 93196 436167
block_tx 93197 436168
block_tx 93198 436169
block_tx 93199 436170
block_tx 93200 436171
block_tx 93200 436172
block_tx 93200 436173
block_tx 93200 436174
block_tx 93200 436175
block_tx 93201 436176
block_tx 93202 436177
block_tx 93203 436178
block_tx 93203 436179
block_tx 93204 436180
block_tx 93205 436181
block_tx 93206 436182
block_tx 93206 436183
block_tx 93207 436184
block_tx 93208 436185
block_tx 93209 436186
block_tx 93210 436187
block_tx 93211 436188
block_tx 93212 436189
block_tx 93213 436190
block_tx 93214 436191
block_tx 93215 436192
block_tx 93215 436193
block_tx 93216 436194
block_tx 93216 436195
block_tx 93217 436196
block_tx 93218 436197
block_tx 93219 436198
block_tx 93220 436199
block_tx 93221 436200
block_tx 93222 436201
block_tx 93223 436202
block_tx 93224 436203
block_tx 93225 436204
block_tx 93226 436205
block_tx 93227 436206
block_tx 93228 436207
block_tx 93229 436208
block_tx 93230 436209
block_tx 93231 436210
block_tx 93232 436211
block_tx 93233 436212
block_tx 93234 436213
block_tx 93235 436214
block_tx 93235 436215
block_tx 93236 436216
block_tx 93236 436217
block_tx 93236 436218
block_tx 93236 436219
block_tx 93237 436220
block_tx 93238 436221
block_tx 93239 436222
block_tx 93240 436223
block_tx 93241 436224
block_tx 93241 436225
block_tx 93242 436226
block_tx 93243 436227
block_tx 93244 436228
block_tx 93245 436229
block_tx 93246 436230
block_tx 93246 436231
block_tx 93247 436232
block_tx 93248 436233
block_tx 93249 436234
block_tx 93250 436235
block_tx 93251 436236
block_tx 93251 436237
block_tx 93251 436238
block_tx 93251 436239
block_tx 93251 436240
block_tx 93252 436241
block_tx 93253 436242
block_tx 93254 436243
block_tx 93255 436244
block_tx 93256 436245
block_tx 93257 436246
block_tx 93258 436247
block_tx 93259 436248
block_tx 93260 436249
block_tx 93261 436250
block_tx 93261 436251
block_tx 93261 436252
block_tx 93261 436253
block_tx 93261 436254
block_tx 93261 436255
block_tx 93262 436256
block_tx 93263 436257
block_tx 93264 436258
block_tx 93265 436259
block_tx 93266 436260
block_tx 93267 436261
block_tx 93268 436262
block_tx 93269 436263
block_tx 93269 436264
block_tx 93269 436265
block_tx 93270 436266
block_tx 93271 436267
block_tx 93272 436268
block_tx 93273 436269
block_tx 93274 436270
block_tx 93274 436271
block_tx 93274 436272
block_tx 93275 436273
block_tx 93276 436274
block_tx 93277 436275
block_tx 93278 436276
block_tx 93279 436277
block_tx 93280 436278
block_tx 93281 436279
block_tx 93282 436280
block_tx 93283 436281
block_tx 93283 436282
block_tx 93284 436283
block_tx 93285 436284
block_tx 93286 436285
block_tx 93286 436286
block_tx 93287 436287
block_tx 93288 436288
block_tx 93289 436289
block_tx 93290 436290
block_tx 93291 436291
block_tx 93291 436292
block_tx 93292 436293
block_tx 93292 436294
block_tx 93293 436295
block_tx 93294 436296
block_tx 93294 436297
block_tx 93295 436298
block_tx 93296 436299
block_tx 93297 436300
block_tx 93298 436301
block_tx 93298 436302
block_tx 93299 436303
block_tx 93299 436304
block_tx 93300 436305
block_tx 93301 436306
block_tx 93302 436307
block_tx 93302 436308
block_tx 93303 436309
block_tx 93304 436310
block_tx 93305 436311
block_tx 93306 436312
block_tx 93307 436313
block_tx 93308 436314
block_tx 93308 436315
block_tx 93309 436316
block_tx 93310 436317
block_tx 93311 436318
block_tx 93312 436319
block_tx 93312 436320
block_tx 93313 436321
block_tx 93314 436322
block_tx 93314 436323
block_tx 93314 436324
block_tx 93315 436325
block_tx 93316 436326
block_tx 93316 436327
block_tx 93316 436328
block_tx 93316 436329
block_tx 93316 436330
block_tx 93316 436331
block_tx 93316 436332
block_tx 93316 436333
block_tx 93316 436334
block_tx 93317 436335
block_tx 93317 436336
block_tx 93318 436337
block_tx 93318 436338
block_tx 93319 436339
block_tx 93320 436340
block_tx 93321 436341
block_tx 93322 436342
block_tx 93323 436343
block_tx 93324 436344
block_tx 93325 436345
block_tx 93326 436346
block_tx 93327 436347
block_tx 93328 436348
block_tx 93329 436349
block_tx 93330 436350
block_tx 93331 436351
block_tx 93332 436352
block_tx 93333 436353
block_tx 93334 436354
block_tx 93334 436355
block_tx 93335 436356
block_tx 93336 436357
block_tx 93337 436358
block_tx 93338 436359
block_tx 93339 436360
block_tx 93339 436361
block_tx 93340 436362
block_tx 93341 436363
block_tx 93342 436364
block_tx 93343 436365
block_tx 93344 436366
block_tx 93345 436367
block_tx 93346 436368
block_tx 93346 436369
block_tx 93347 436370
block_tx 93348 436371
commit
block_tx 93349 436372
block_tx 93350 436373
block_tx 93351 436374
block_tx 93352 436375
block_tx 93353 436376
block_tx 93354 436377
block_tx 93355 436378
block_tx 93356 436379
block_tx 93357 436380
block_tx 93358 436381
block_tx 93358 436382
block_tx 93358 436383
block_tx 93359 436384
block_tx 93360 436385
block_tx 93361 436386
block_tx 93362 436387
block_tx 93363 436388
block_tx 93364 436389
block_tx 93365 436390
block_tx 93366 436391
block_tx 93367 436392
block_tx 93368 436393
block_tx 93369 436394
block_tx 93370 436395
block_tx 93370 436396
block_tx 93371 436397
block_tx 93372 436398
block_tx 93372 436399
block_tx 93372 436400
block_tx 93373 436401
block_tx 93373 436402
block_tx 93374 436403
block_tx 93375 436404
block_tx 93376 436405
block_tx 93377 436406
block_tx 93378 436407
block_tx 93379 436408
block_tx 93380 436409
block_tx 93381 436410
block_tx 93382 436411
block_tx 93383 436412
block_tx 93384 436413
block_tx 93385 436414
block_tx 93386 436415
block_tx 93387 436416
block_tx 93388 436417
block_tx 93389 436418
block_tx 93390 436419
block_tx 93391 436420
block_tx 93391 436421
block_tx 93391 436422
block_tx 93392 436423
block_tx 93393 436424
block_tx 93394 436425
block_tx 93395 436426
block_tx 93396 436427
block_tx 93397 436428
block_tx 93398 436429
block_tx 93399 436430
block_tx 93400 436431
block_tx 93401 436432
block_tx 93402 436433
block_tx 93403 436434
block_tx 93403 436435
block_tx 93403 436436
block_tx 93403 436437
block_tx 93403 436438
block_tx 93403 436439
block_tx 93404 436440
block_tx 93405 436441
block_tx 93406 436442
block_tx 93406 436443
block_tx 93407 436444
block_tx 93408 436445
block_tx 93409 436446
block_tx 93410 436447
block_tx 93411 436448
block_tx 93412 436449
block_tx 93413 436450
block_tx 93414 436451
block_tx 93415 436452
block_tx 93415 436453
block_tx 93416 436454
block_tx 93416 436455
block_tx 93416 436456
block_tx 93417 436457
block_tx 93418 436458
block_tx 93419 436459
block_tx 93420 436460
block_tx 93421 436461
block_tx 93422 436462
block_tx 93423 436463
block_tx 93424 436464
block_tx 93425 436465
block_tx 93426 436466
block_tx 93427 436467
block_tx 93428 436468
block_tx 93429 436469
block_tx 93430 436470
block_tx 93431 436471
block_tx 93432 436472
block_tx 93432 436473
block_tx 93433 436474
block_tx 93434 436475
block_tx 93435 436476
block_tx 93436 436477
block_tx 93437 436478
block_tx 93438 436479
block_tx 93439 436480
block_tx 93440 436481
block_tx 93440 436482
block_tx 93441 436483
block_tx 93442 436484
block_tx 93443 436485
block_tx 93444 436486
block_tx 93445 436487
block_tx 93446 436488
block_tx 93446 436489
block_tx 93447 436490
block_tx 93448 436491
block_tx 93449 436492
block_tx 93450 436493
block_tx 93450 436494
block_tx 93451 436495
block_tx 93452 436496
block_tx 93453 436497
block_tx 93454 436498
block_tx 93455 436499
block_tx 93456 436500
block_tx 93457 436501
block_tx 93458 436502
block_tx 93459 436503
block_tx 93460 436504
block_tx 93460 436505
block_tx 93460 436506
block_tx 93460 436507
block_tx 93461 436508
block_tx 93462 436509
block_tx 93463 436510
block_tx 93464 436511
block_tx 93464 436512
block_tx 93464 436513
block_tx 93464 436514
block_tx 93465 436515
block_tx 93466 436516
block_tx 93467 436517
block_tx 93467 436518
block_tx 93468 436519
block_tx 93469 436520
block_tx 93470 436521
block_tx 93471 436522
block_tx 93472 436523
block_tx 93473 436524
block_tx 93474 436525
block_tx 93474 436526
block_tx 93475 436527
block_tx 93476 436528
block_tx 93476 436529
block_tx 93476 436530
block_tx 93476 436531
block_tx 93477 436532
block_tx 93478 436533
block_tx 93479 436534
block_tx 93480 436535
block_tx 93481 436536
block_tx 93482 436537
block_tx 93483 436538
block_tx 93484 436539
block_tx 93485 436540
block_tx 93486 436541
block_tx 93487 436542
block_tx 93488 436543
block_tx 93488 436544
block_tx 93489 436545
block_tx 93489 436546
block_tx 93490 436547
block_tx 93491 436548
block_tx 93492 436549
block_tx 93492 436550
block_tx 93493 436551
block_tx 93494 436552
block_tx 93494 436553
block_tx 93495 436554
block_tx 93495 436555
block_tx 93496 436556
block_tx 93497 436557
block_tx 93498 436558
block_tx 93498 436559
block_tx 93498 436560
block_tx 93498 436561
block_tx 93499 436562
block_tx 93499 436563
block_tx 93500 436564
block_tx 93501 436565
block_tx 93502 436566
block_tx 93503 436567
block_tx 93504 436568
block_tx 93505 436569
block_tx 93506 436570
block_tx 93507 436571
block_tx 93508 436572
block_tx 93508 436573
block_tx 93508 436574
block_tx 93509 436575
block_tx 93510 436576
block_tx 93511 436577
block_tx 93512 436578
block_tx 93513 436579
block_tx 93513 436580
block_tx 93514 436581
block_tx 93514 436582
block_tx 93515 436583
block_tx 93516 436584
block_tx 93517 436585
block_tx 93518 436586
block_tx 93519 436587
block_tx 93520 436588
block_tx 93521 436589
block_tx 93522 436590
block_tx 93523 436591
block_tx 93524 436592
block_tx 93525 436593
block_tx 93526 436594
block_tx 93527 436595
block_tx 93527 436596
block_tx 93527 436597
block_tx 93527 436598
block_tx 93528 436599
block_tx 93529 436600
block_tx 93530 436601
block_tx 93530 436602
block_tx 93531 436603
block_tx 93531 436604
block_tx 93531 436605
block_tx 93532 436606
block_tx 93533 436607
block_tx 93534 436608
block_tx 93535 436609
block_tx 93536 436610
block_tx 93536 436611
block_tx 93537 436612
block_tx 93537 436613
block_tx 93538 436614
block_tx 93539 436615
block_tx 93540 436616
block_tx 93541 436617
block_tx 93542 436618
block_tx 93543 436619
block_tx 93543 436620
block_tx 93544 436621
block_tx 93544 436622
block_tx 93545 436623
block_tx 93545 436624
block_tx 93546 436625
block_tx 93547 436626
block_tx 93548 436627
block_tx 93549 436628
block_tx 93550 436629
block_tx 93550 436630
block_tx 93550 436631
block_tx 93551 436632
block_tx 93552 436633
block_tx 93553 436634
block_tx 93554 436635
block_tx 93555 436636
block_tx 93556 436637
block_tx 93557 436638
block_tx 93558 436639
block_tx 93559 436640
block_tx 93560 436641
block_tx 93561 436642
block_tx 93562 436643
block_tx 93563 436644
block_tx 93564 436645
block_tx 93564 436646
block_tx 93565 436647
block_tx 93565 436648
block_tx 93566 436649
block_tx 93566 436650
block_tx 93566 436651
block_tx 93567 436652
block_tx 93567 436653
block_tx 93567 436654
block_tx 93568 436655
block_tx 93569 436656
block_tx 93570 436657
block_tx 93571 436658
block_tx 93572 436659
block_tx 93573 436660
block_tx 93574 436661
block_tx 93575 436662
block_tx 93576 436663
block_tx 93576 436664
block_tx 93577 436665
block_tx 93577 436666
block_tx 93578 436667
block_tx 93579 436668
block_tx 93580 436669
block_tx 93581 436670
block_tx 93582 436671
block_tx 93583 436672
block_tx 93584 436673
block_tx 93585 436674
block_tx 93586 436675
block_tx 93587 436676
block_tx 93588 436677
block_tx 93589 436678
block_tx 93590 436679
block_tx 93591 436680
block_tx 93591 436681
block_tx 93592 436682
block_tx 93592 436683
block_tx 93592 436684
block_tx 93592 436685
block_tx 93592 436686
block_tx 93592 436687
block_tx 93592 436688
block_tx 93593 436689
block_tx 93593 436690
block_tx 93594 436691
block_tx 93595 436692
block_tx 93596 436693
commit
block_tx 93597 436694
block_tx 93598 436695
block_tx 93599 436696
block_tx 93600 436697
block_tx 93601 436698
block_tx 93602 436699
block_tx 93603 436700
block_tx 93604 436701
block_tx 93605 436702
block_tx 93606 436703
block_tx 93607 436704
block_tx 93608 436705
block_tx 93609 436706
block_tx 93610 436707
block_tx 93611 436708
block_tx 93612 436709
block_tx 93613 436710
block_tx 93614 436711
block_tx 93615 436712
block_tx 93616 436713
block_tx 93617 436714
block_tx 93618 436715
block_tx 93619 436716
block_tx 93620 436717
block_tx 93621 436718
block_tx 93622 436719
block_tx 93623 436720
block_tx 93623 436721
block_tx 93624 436722
block_tx 93624 436723
block_tx 93624 436724
block_tx 93624 436725
block_tx 93625 436726
block_tx 93625 436727
block_tx 93626 436728
block_tx 93627 436729
block_tx 93627 436730
block_tx 93628 436731
block_tx 93629 436732
block_tx 93630 436733
block_tx 93630 436734
block_tx 93631 436735
block_tx 93632 436736
block_tx 93633 436737
block_tx 93634 436738
block_tx 93634 436739
block_tx 93635 436740
block_tx 93636 436741
block_tx 93637 436742
block_tx 93638 436743
block_tx 93639 436744
block_tx 93640 436745
block_tx 93641 436746
block_tx 93642 436747
block_tx 93643 436748
block_tx 93644 436749
block_tx 93644 436750
block_tx 93644 436751
block_tx 93644 436752
block_tx 93645 436753
block_tx 93645 436754
block_tx 93645 436755
block_tx 93645 436756
block_tx 93646 436757
block_tx 93647 436758
block_tx 93648 436759
block_tx 93649 436760
block_tx 93650 436761
block_tx 93651 436762
block_tx 93652 436763
block_tx 93653 436764
block_tx 93654 436765
block_tx 93655 436766
block_tx 93656 436767
block_tx 93657 436768
block_tx 93657 436769
block_tx 93658 436770
block_tx 93659 436771
block_tx 93659 436772
block_tx 93659 436773
block_tx 93659 436774
block_tx 93659 436775
block_tx 93660 436776
block_tx 93661 436777
block_tx 93662 436778
block_tx 93662 436779
block_tx 93663 436780
block_tx 93664 436781
block_tx 93665 436782
block_tx 93666 436783
block_tx 93667 436784
block_tx 93667 436785
block_tx 93667 436786
block_tx 93667 436787
block_tx 93667 436788
block_tx 93668 436789
block_tx 93669 436790
block_tx 93670 436791
block_tx 93671 436792
block_tx 93672 436793
block_tx 93673 436794
block_tx 93674 436795
block_tx 93675 436796
block_tx 93676 436797
block_tx 93677 436798
block_tx 93678 436799
block_tx 93679 436800
block_tx 93680 436801
block_tx 93681 436802
block_tx 93682 436803
block_tx 93683 436804
block_tx 93684 436805
block_tx 93685 436806
block_tx 93685 436807
block_tx 93685 436808
block_tx 93685 436809
block_tx 93685 436810
block_tx 93686 436811
block_tx 93686 436812
block_tx 93687 436813
block_tx 93688 436814
block_tx 93689 436815
block_tx 93690 436816
block_tx 93691 436817
block_tx 93692 436818
block_tx 93692 436819
block_tx 93693 436820
block_tx 93694 436821
block_tx 93695 436822
block_tx 93696 436823
block_tx 93697 436824
block_tx 93698 436825
block_tx 93698 436826
block_tx 93699 436827
block_tx 93699 436828
block_tx 93699 436829
block_tx 93699 436830
block_tx 93699 436831
block_tx 93699 436832
block_tx 93700 436833
block_tx 93701 436834
block_tx 93702 436835
block_tx 93703 436836
block_tx 93704 436837
block_tx 93705 436838
block_tx 93706 436839
block_tx 93707 436840
block_tx 93708 436841
block_tx 93709 436842
block_tx 93710 436843
block_tx 93711 436844
block_tx 93712 436845
block_tx 93713 436846
block_tx 93714 436847
block_tx 93715 436848
block_tx 93716 436849
block_tx 93716 436850
block_tx 93716 436851
block_tx 93716 436852
block_tx 93716 436853
block_tx 93716 436854
block_tx 93716 436855
block_tx 93717 436856
block_tx 93718 436857
block_tx 93719 436858
block_tx 93720 436859
block_tx 93721 436860
block_tx 93722 436861
block_tx 93723 436862
block_tx 93724 436863
block_tx 93725 436864
block_tx 93726 436865
block_tx 93727 436866
block_tx 93728 436867
block_tx 93728 436868
block_tx 93728 436869
block_tx 93729 436870
block_tx 93729 436871
block_tx 93729 436872
block_tx 93729 436873
block_tx 93729 436874
block_tx 93730 436875
block_tx 93731 436876
block_tx 93732 436877
block_tx 93733 436878
block_tx 93734 436879
block_tx 93735 436880
block_tx 93736 436881
block_tx 93737 436882
block_tx 93738 436883
block_tx 93739 436884
block_tx 93740 436885
block_tx 93741 436886
block_tx 93742 436887
block_tx 93743 436888
block_tx 93744 436889
block_tx 93745 436890
block_tx 93746 436891
block_tx 93747 436892
block_tx 93748 436893
block_tx 93749 436894
block_tx 93750 436895
block_tx 93751 436896
block_tx 93752 436897
block_tx 93753 436898
block_tx 93754 436899
block_tx 93755 436900
block_tx 93756 436901
block_tx 93757 436902
block_tx 93758 436903
block_tx 93759 436904
block_tx 93760 436905
block_tx 93761 436906
block_tx 93762 436907
block_tx 93763 436908
block_tx 93764 436909
block_tx 93764 436910
block_tx 93765 436911
block_tx 93766 436912
block_tx 93767 436913
block_tx 93768 436914
block_tx 93769 436915
block_tx 93770 436916
block_tx 93771 436917
block_tx 93772 436918
block_tx 93773 436919
block_tx 93774 436920
block_tx 93775 436921
block_tx 93776 436922
block_tx 93777 436923
block_tx 93778 436924
block_tx 93779 436925
block_tx 93780 436926
block_tx 93781 436927
block_tx 93782 436928
block_tx 93783 436929
block_tx 93783 436930
block_tx 93784 436931
block_tx 93785 436932
block_tx 93786 436933
block_tx 93786 436934
block_tx 93787 436935
block_tx 93787 436936
block_tx 93787 436937
block_tx 93788 436938
block_tx 93788 436939
block_tx 93789 436940
block_tx 93789 436941
block_tx 93790 436942
block_tx 93791 436943
block_tx 93792 436944
block_tx 93793 436945
block_tx 93794 436946
block_tx 93795 436947
block_tx 93796 436948
block_tx 93797 436949
block_tx 93798 436950
block_tx 93799 436951
block_tx 93800 436952
block_tx 93801 436953
block_tx 93802 436954
block_tx 93803 436955
block_tx 93804 436956
block_tx 93805 436957
